2015-10-19 22:40:34,543 Event: NetSync.getRemoteFileNames retrieved remote file names from API
2015-10-19 22:40:34,571 Event: NetSync.downloadRemoteFile starting download of remote file https://s3-us-west-2.amazonaws.com/callmeishmael-files/703-Extremely-Loud-and-Incredibly-Close-by-Jonathan-Safran-Foer-final.ogg as /media/usb0/CMI-final/phone/audiofiles_temp/00_703-Extremely-Loud-and-Incredibly-Close-by-Jonathan-Safran-Foer-final.ogg
2015-10-19 22:40:44,909 Event: NetSync.downloadRemoteFile downloaded remote file https://s3-us-west-2.amazonaws.com/callmeishmael-files/703-Extremely-Loud-and-Incredibly-Close-by-Jonathan-Safran-Foer-final.ogg as /media/usb0/CMI-final/phone/audiofiles_temp/00_703-Extremely-Loud-and-Incredibly-Close-by-Jonathan-Safran-Foer-final.ogg
2015-10-19 22:40:44,973 Event: NetSync.syncFiles verify 0 succeeded for file https://s3-us-west-2.amazonaws.com/callmeishmael-files/703-Extremely-Loud-and-Incredibly-Close-by-Jonathan-Safran-Foer-final.ogg
2015-10-19 22:40:45,005 Event: NetSync.downloadRemoteFile starting download of remote file https://s3-us-west-2.amazonaws.com/callmeishmael-files/699-On-Looking-by-Alexandra-Horowitz-final.ogg as /media/usb0/CMI-final/phone/audiofiles_temp/01_699-On-Looking-by-Alexandra-Horowitz-final.ogg
2015-10-19 22:40:47,882 Event: NetSync.downloadRemoteFile downloaded remote file https://s3-us-west-2.amazonaws.com/callmeishmael-files/699-On-Looking-by-Alexandra-Horowitz-final.ogg as /media/usb0/CMI-final/phone/audiofiles_temp/01_699-On-Looking-by-Alexandra-Horowitz-final.ogg
2015-10-19 22:40:47,922 Event: NetSync.syncFiles verify 0 succeeded for file https://s3-us-west-2.amazonaws.com/callmeishmael-files/699-On-Looking-by-Alexandra-Horowitz-final.ogg
2015-10-19 22:40:47,955 Event: NetSync.downloadRemoteFile starting download of remote file https://s3-us-west-2.amazonaws.com/callmeishmael-files/071-Pajama-Time-by-Sandra-Boynton-final.ogg as /media/usb0/CMI-final/phone/audiofiles_temp/02_071-Pajama-Time-by-Sandra-Boynton-final.ogg
2015-10-19 22:40:51,737 Event: NetSync.downloadRemoteFile downloaded remote file https://s3-us-west-2.amazonaws.com/callmeishmael-files/071-Pajama-Time-by-Sandra-Boynton-final.ogg as /media/usb0/CMI-final/phone/audiofiles_temp/02_071-Pajama-Time-by-Sandra-Boynton-final.ogg
2015-10-19 22:40:51,787 Event: NetSync.syncFiles verify 0 succeeded for file https://s3-us-west-2.amazonaws.com/callmeishmael-files/071-Pajama-Time-by-Sandra-Boynton-final.ogg
2015-10-19 22:40:51,822 Event: NetSync.downloadRemoteFile starting download of remote file https://s3-us-west-2.amazonaws.com/callmeishmael-files/020-Merriam-Webster-Dictionary-final.ogg as /media/usb0/CMI-final/phone/audiofiles_temp/03_020-Merriam-Webster-Dictionary-final.ogg
2015-10-19 22:40:57,644 Event: NetSync.downloadRemoteFile downloaded remote file https://s3-us-west-2.amazonaws.com/callmeishmael-files/020-Merriam-Webster-Dictionary-final.ogg as /media/usb0/CMI-final/phone/audiofiles_temp/03_020-Merriam-Webster-Dictionary-final.ogg
2015-10-19 22:40:57,684 Event: NetSync.syncFiles verify 0 succeeded for file https://s3-us-west-2.amazonaws.com/callmeishmael-files/020-Merriam-Webster-Dictionary-final.ogg
2015-10-19 22:40:57,719 Event: NetSync.downloadRemoteFile starting download of remote file https://s3-us-west-2.amazonaws.com/callmeishmael-files/028-The-Sneetches-by-Dr-Seuss-final.ogg as /media/usb0/CMI-final/phone/audiofiles_temp/04_028-The-Sneetches-by-Dr-Seuss-final.ogg
2015-10-19 22:41:06,163 Event: NetSync.downloadRemoteFile downloaded remote file https://s3-us-west-2.amazonaws.com/callmeishmael-files/028-The-Sneetches-by-Dr-Seuss-final.ogg as /media/usb0/CMI-final/phone/audiofiles_temp/04_028-The-Sneetches-by-Dr-Seuss-final.ogg
2015-10-19 22:41:06,254 Event: NetSync.syncFiles verify 0 succeeded for file https://s3-us-west-2.amazonaws.com/callmeishmael-files/028-The-Sneetches-by-Dr-Seuss-final.ogg
2015-10-19 22:41:06,291 Event: NetSync.downloadRemoteFile starting download of remote file https://s3-us-west-2.amazonaws.com/callmeishmael-files/313-Pride-And-Prejudice-by-Jane-Austen-final.ogg as /media/usb0/CMI-final/phone/audiofiles_temp/05_313-Pride-And-Prejudice-by-Jane-Austen-final.ogg
2015-10-19 22:41:08,918 Event: NetSync.downloadRemoteFile downloaded remote file https://s3-us-west-2.amazonaws.com/callmeishmael-files/313-Pride-And-Prejudice-by-Jane-Austen-final.ogg as /media/usb0/CMI-final/phone/audiofiles_temp/05_313-Pride-And-Prejudice-by-Jane-Austen-final.ogg
2015-10-19 22:41:08,958 Event: NetSync.syncFiles verify 0 succeeded for file https://s3-us-west-2.amazonaws.com/callmeishmael-files/313-Pride-And-Prejudice-by-Jane-Austen-final.ogg
2015-10-19 22:41:08,998 Event: NetSync.downloadRemoteFile starting download of remote file https://s3-us-west-2.amazonaws.com/callmeishmael-files/323-Anna-Karenina-by-Leo-Tolstoy-final.ogg as /media/usb0/CMI-final/phone/audiofiles_temp/06_323-Anna-Karenina-by-Leo-Tolstoy-final.ogg
2015-10-19 22:41:13,885 Event: NetSync.downloadRemoteFile downloaded remote file https://s3-us-west-2.amazonaws.com/callmeishmael-files/323-Anna-Karenina-by-Leo-Tolstoy-final.ogg as /media/usb0/CMI-final/phone/audiofiles_temp/06_323-Anna-Karenina-by-Leo-Tolstoy-final.ogg
2015-10-19 22:41:13,937 Event: NetSync.syncFiles verify 0 succeeded for file https://s3-us-west-2.amazonaws.com/callmeishmael-files/323-Anna-Karenina-by-Leo-Tolstoy-final.ogg
2015-10-19 22:41:13,976 Event: NetSync.downloadRemoteFile starting download of remote file https://s3-us-west-2.amazonaws.com/callmeishmael-files/074-Fault-In-Our-stars-by-John-Green-final.ogg as /media/usb0/CMI-final/phone/audiofiles_temp/07_074-Fault-In-Our-stars-by-John-Green-final.ogg
2015-10-19 22:41:17,722 Event: NetSync.downloadRemoteFile downloaded remote file https://s3-us-west-2.amazonaws.com/callmeishmael-files/074-Fault-In-Our-stars-by-John-Green-final.ogg as /media/usb0/CMI-final/phone/audiofiles_temp/07_074-Fault-In-Our-stars-by-John-Green-final.ogg
2015-10-19 22:41:17,761 Event: NetSync.syncFiles verify 0 succeeded for file https://s3-us-west-2.amazonaws.com/callmeishmael-files/074-Fault-In-Our-stars-by-John-Green-final.ogg
2015-10-19 22:41:17,799 Event: NetSync.downloadRemoteFile starting download of remote file https://s3-us-west-2.amazonaws.com/callmeishmael-files/451-Harry-Potter-by-J.K.-Rowling-final.ogg as /media/usb0/CMI-final/phone/audiofiles_temp/08_451-Harry-Potter-by-J.K.-Rowling-final.ogg
2015-10-19 22:41:22,451 Event: NetSync.downloadRemoteFile downloaded remote file https://s3-us-west-2.amazonaws.com/callmeishmael-files/451-Harry-Potter-by-J.K.-Rowling-final.ogg as /media/usb0/CMI-final/phone/audiofiles_temp/08_451-Harry-Potter-by-J.K.-Rowling-final.ogg
2015-10-19 22:41:22,507 Event: NetSync.syncFiles verify 0 succeeded for file https://s3-us-west-2.amazonaws.com/callmeishmael-files/451-Harry-Potter-by-J.K.-Rowling-final.ogg
2015-10-19 22:41:22,550 Event: NetSync.downloadRemoteFile starting download of remote file https://s3-us-west-2.amazonaws.com/callmeishmael-files/564-The-Oldest-Living-Things-in-the-World-by-Rachel-Sussman-final.ogg as /media/usb0/CMI-final/phone/audiofiles_temp/09_564-The-Oldest-Living-Things-in-the-World-by-Rachel-Sussman-final.ogg
2015-10-19 22:41:27,285 Event: NetSync.downloadRemoteFile downloaded remote file https://s3-us-west-2.amazonaws.com/callmeishmael-files/564-The-Oldest-Living-Things-in-the-World-by-Rachel-Sussman-final.ogg as /media/usb0/CMI-final/phone/audiofiles_temp/09_564-The-Oldest-Living-Things-in-the-World-by-Rachel-Sussman-final.ogg
2015-10-19 22:41:27,339 Event: NetSync.syncFiles verify 0 succeeded for file https://s3-us-west-2.amazonaws.com/callmeishmael-files/564-The-Oldest-Living-Things-in-the-World-by-Rachel-Sussman-final.ogg
2015-10-19 22:41:27,381 Event: NetSync.downloadRemoteFile starting download of remote file https://s3-us-west-2.amazonaws.com/callmeishmael-files/592-A-Short-History-of-Nearly-Everything-by-Bill-Bryson-final.ogg as /media/usb0/CMI-final/phone/audiofiles_temp/10_592-A-Short-History-of-Nearly-Everything-by-Bill-Bryson-final.ogg
2015-10-19 22:41:33,723 Event: NetSync.downloadRemoteFile downloaded remote file https://s3-us-west-2.amazonaws.com/callmeishmael-files/592-A-Short-History-of-Nearly-Everything-by-Bill-Bryson-final.ogg as /media/usb0/CMI-final/phone/audiofiles_temp/10_592-A-Short-History-of-Nearly-Everything-by-Bill-Bryson-final.ogg
2015-10-19 22:41:33,775 Event: NetSync.syncFiles verify 0 succeeded for file https://s3-us-west-2.amazonaws.com/callmeishmael-files/592-A-Short-History-of-Nearly-Everything-by-Bill-Bryson-final.ogg
2015-10-19 22:41:33,852 Event: NetSync.downloadRemoteFile starting download of remote file https://s3-us-west-2.amazonaws.com/callmeishmael-files/064-Not-Even-Wrong-by-Paul-Collins-final.ogg as /media/usb0/CMI-final/phone/audiofiles_temp/11_064-Not-Even-Wrong-by-Paul-Collins-final.ogg
2015-10-19 22:41:39,061 Event: NetSync.downloadRemoteFile downloaded remote file https://s3-us-west-2.amazonaws.com/callmeishmael-files/064-Not-Even-Wrong-by-Paul-Collins-final.ogg as /media/usb0/CMI-final/phone/audiofiles_temp/11_064-Not-Even-Wrong-by-Paul-Collins-final.ogg
2015-10-19 22:41:39,129 Event: NetSync.syncFiles verify 0 succeeded for file https://s3-us-west-2.amazonaws.com/callmeishmael-files/064-Not-Even-Wrong-by-Paul-Collins-final.ogg
2015-10-19 22:41:39,160 Event: NetSync.downloadRemoteFile starting download of remote file https://s3-us-west-2.amazonaws.com/callmeishmael-files/whitenoise.ogg as /media/usb0/CMI-final/phone/audiofiles_temp/12_whitenoise.ogg
2015-10-19 22:41:40,911 Event: NetSync.downloadRemoteFile downloaded remote file https://s3-us-west-2.amazonaws.com/callmeishmael-files/whitenoise.ogg as /media/usb0/CMI-final/phone/audiofiles_temp/12_whitenoise.ogg
2015-10-19 22:41:40,940 Event: NetSync.syncFiles verify 0 succeeded for file https://s3-us-west-2.amazonaws.com/callmeishmael-files/whitenoise.ogg
2015-10-19 22:41:40,972 Event: AudioPlayer.getFileNames found 13 local audio files
2015-10-19 22:41:40,992 Event: AudioPlayer.getFileNames succeeded
2015-10-19 22:41:49,639 Event: AudioPlayer.loadContentSounds succeeded for /media/usb0/CMI-final/phone/audiofiles/00_703-Extremely-Loud-and-Incredibly-Close-by-Jonathan-Safran-Foer-final.ogg
2015-10-19 22:41:53,760 Event: AudioPlayer.loadContentSounds succeeded for /media/usb0/CMI-final/phone/audiofiles/01_699-On-Looking-by-Alexandra-Horowitz-final.ogg
2015-10-19 22:41:58,188 Event: AudioPlayer.loadContentSounds succeeded for /media/usb0/CMI-final/phone/audiofiles/02_071-Pajama-Time-by-Sandra-Boynton-final.ogg
2015-10-19 22:42:02,666 Event: AudioPlayer.loadContentSounds succeeded for /media/usb0/CMI-final/phone/audiofiles/03_020-Merriam-Webster-Dictionary-final.ogg
2015-10-19 22:42:12,563 Event: AudioPlayer.loadContentSounds succeeded for /media/usb0/CMI-final/phone/audiofiles/04_028-The-Sneetches-by-Dr-Seuss-final.ogg
2015-10-19 22:42:15,050 Event: AudioPlayer.loadContentSounds succeeded for /media/usb0/CMI-final/phone/audiofiles/05_313-Pride-And-Prejudice-by-Jane-Austen-final.ogg
2015-10-19 22:42:20,686 Event: AudioPlayer.loadContentSounds succeeded for /media/usb0/CMI-final/phone/audiofiles/06_323-Anna-Karenina-by-Leo-Tolstoy-final.ogg
2015-10-19 22:42:23,606 Event: AudioPlayer.loadContentSounds succeeded for /media/usb0/CMI-final/phone/audiofiles/07_074-Fault-In-Our-stars-by-John-Green-final.ogg
2015-10-19 22:42:28,103 Event: AudioPlayer.loadContentSounds succeeded for /media/usb0/CMI-final/phone/audiofiles/08_451-Harry-Potter-by-J.K.-Rowling-final.ogg
2015-10-19 22:42:32,473 Event: AudioPlayer.loadContentSounds succeeded for /media/usb0/CMI-final/phone/audiofiles/09_564-The-Oldest-Living-Things-in-the-World-by-Rachel-Sussman-final.ogg
2015-10-19 22:42:35,751 Event: AudioPlayer.loadContentSounds succeeded for /media/usb0/CMI-final/phone/audiofiles/10_592-A-Short-History-of-Nearly-Everything-by-Bill-Bryson-final.ogg
2015-10-19 22:42:43,434 Event: AudioPlayer.loadContentSounds succeeded for /media/usb0/CMI-final/phone/audiofiles/11_064-Not-Even-Wrong-by-Paul-Collins-final.ogg
2015-10-19 22:42:44,236 Event: AudioPlayer.loadContentSounds succeeded for /media/usb0/CMI-final/phone/audiofiles/12_whitenoise.ogg
